# JRE version: OpenJDK Runtime Environment (8.0_242-b01) (build 1.8.0_242-release-1644-b01)
# Java VM: OpenJDK 64-Bit Server VM (25.242-b01 mixed mode windows-amd64 compressed oops)
Heap:
 PSYoungGen      total 76800K, used 8948K [0x00000000e0000000, 0x00000000e8180000, 0x0000000100000000)
  eden space 65536K, 0% used [0x00000000e0000000,0x00000000e0022ad0,0x00000000e4000000)
  from space 11264K, 78% used [0x00000000e7680000,0x00000000e7f1a7d8,0x00000000e8180000)
  to   space 11264K, 0% used [0x00000000e4000000,0x00000000e4000000,0x00000000e4b00000)
 ParOldGen       total 56320K, used 9088K [0x00000000a0000000, 0x00000000a3700000, 0x00000000e0000000)
  object space 56320K, 16% used [0x00000000a0000000,0x00000000a08e0198,0x00000000a3700000)
 Metaspace       used 32493K, capacity 33260K, committed 33456K, reserved 1077248K
  class space    used 4440K, capacity 4677K, committed 4784K, reserved 1048576K
GC Heap History (10 events):
Event: 11.531 GC heap after
Heap after GC invocations=4 (full 0):
 PSYoungGen      total 38400K, used 5088K [0x00000000e0000000, 0x00000000e2a80000, 0x0000000100000000)
  eden space 33280K, 0% used [0x00000000e0000000,0x00000000e0000000,0x00000000e2080000)
  from space 5120K, 99% used [0x00000000e2580000,0x00000000e2a78040,0x00000000e2a80000)
  to   space 5120K, 0% used [0x00000000e2080000,0x00000000e2080000,0x00000000e2580000)
 ParOldGen       total 87552K, used 3914K [0x00000000a0000000, 0x00000000a5580000, 0x00000000e0000000)
  object space 87552K, 4% used [0x00000000a0000000,0x00000000a03d2868,0x00000000a5580000)
 Metaspace       used 15438K, capacity 15834K, committed 16128K, reserved 1062912K
  class space    used 2067K, capacity 2223K, committed 2304K, reserved 1048576K
}
Event: 12.439 GC heap before
{Heap before GC invocations=5 (full 0):
 PSYoungGen      total 38400K, used 38368K [0x00000000e0000000, 0x00000000e2a80000, 0x0000000100000000)
  eden space 33280K, 100% used [0x00000000e0000000,0x00000000e2080000,0x00000000e2080000)
  from space 5120K, 99% used [0x00000000e2580000,0x00000000e2a78040,0x00000000e2a80000)
  to   space 5120K, 0% used [0x00000000e2080000,0x00000000e2080000,0x00000000e2580000)
 ParOldGen       total 87552K, used 3914K [0x00000000a0000000, 0x00000000a5580000, 0x00000000e0000000)
  object space 87552K, 4% used [0x00000000a0000000,0x00000000a03d2868,0x00000000a5580000)
 Metaspace       used 18211K, capacity 18790K, committed 19072K, reserved 1064960K
  class space    used 2504K, capacity 2671K, committed 2688K, reserved 1048576K
Event: 12.465 GC heap after
Heap after GC invocations=5 (full 0):
 PSYoungGen      total 38400K, used 5104K [0x00000000e0000000, 0x00000000e5500000, 0x0000000100000000)
  eden space 33280K, 0% used [0x00000000e0000000,0x00000000e0000000,0x00000000e2080000)
  from space 5120K, 99% used [0x00000000e2080000,0x00000000e257c030,0x00000000e2580000)
  to   space 10240K, 0% used [0x00000000e4b00000,0x00000000e4b00000,0x00000000e5500000)
 ParOldGen       total 87552K, used 7213K [0x00000000a0000000, 0x00000000a5580000, 0x00000000e0000000)
  object space 87552K, 8% used [0x00000000a0000000,0x00000000a070b508,0x00000000a5580000)
 Metaspace       used 18211K, capacity 18790K, committed 19072K, reserved 1064960K
  class space    used 2504K, capacity 2671K, committed 2688K, reserved 1048576K
}
Event: 14.017 GC heap before
{Heap before GC invocations=6 (full 0):
 PSYoungGen      total 38400K, used 37646K [0x00000000e0000000, 0x00000000e5500000, 0x0000000100000000)
  eden space 33280K, 97% used [0x00000000e0000000,0x00000000e1fc7a08,0x00000000e2080000)
  from space 5120K, 99% used [0x00000000e2080000,0x00000000e257c030,0x00000000e2580000)
  to   space 10240K, 0% used [0x00000000e4b00000,0x00000000e4b00000,0x00000000e5500000)
 ParOldGen       total 87552K, used 7213K [0x00000000a0000000, 0x00000000a5580000, 0x00000000e0000000)
  object space 87552K, 8% used [0x00000000a0000000,0x00000000a070b508,0x00000000a5580000)
 Metaspace       used 20695K, capacity 21272K, committed 21296K, reserved 1067008K
  class space    used 2898K, capacity 3120K, committed 3120K, reserved 1048576K
Event: 14.045 GC heap after
Heap after GC invocations=6 (full 0):
 PSYoungGen      total 75776K, used 8464K [0x00000000e0000000, 0x00000000e5700000, 0x0000000100000000)
  eden space 65536K, 0% used [0x00000000e0000000,0x00000000e0000000,0x00000000e4000000)
  from space 10240K, 82% used [0x00000000e4b00000,0x00000000e53442b8,0x00000000e5500000)
  to   space 11264K, 0% used [0x00000000e4000000,0x00000000e4000000,0x00000000e4b00000)
 ParOldGen       total 87552K, used 7221K [0x00000000a0000000, 0x00000000a5580000, 0x00000000e0000000)
  object space 87552K, 8% used [0x00000000a0000000,0x00000000a070d508,0x00000000a5580000)
 Metaspace       used 20695K, capacity 21272K, committed 21296K, reserved 1067008K
  class space    used 2898K, capacity 3120K, committed 3120K, reserved 1048576K
}
Event: 14.045 GC heap before
{Heap before GC invocations=7 (full 1):
 PSYoungGen      total 75776K, used 8464K [0x00000000e0000000, 0x00000000e5700000, 0x0000000100000000)
  eden space 65536K, 0% used [0x00000000e0000000,0x00000000e0000000,0x00000000e4000000)
  from space 10240K, 82% used [0x00000000e4b00000,0x00000000e53442b8,0x00000000e5500000)
  to   space 11264K, 0% used [0x00000000e4000000,0x00000000e4000000,0x00000000e4b00000)
 ParOldGen       total 87552K, used 7221K [0x00000000a0000000, 0x00000000a5580000, 0x00000000e0000000)
  object space 87552K, 8% used [0x00000000a0000000,0x00000000a070d508,0x00000000a5580000)
 Metaspace       used 20695K, capacity 21272K, committed 21296K, reserved 1067008K
  class space    used 2898K, capacity 3120K, committed 3120K, reserved 1048576K
Event: 14.130 GC heap after
Heap after GC invocations=7 (full 1):
 PSYoungGen      total 75776K, used 0K [0x00000000e0000000, 0x00000000e5700000, 0x0000000100000000)
  eden space 65536K, 0% used [0x00000000e0000000,0x00000000e0000000,0x00000000e4000000)
  from space 10240K, 0% used [0x00000000e4b00000,0x00000000e4b00000,0x00000000e5500000)
  to   space 11264K, 0% used [0x00000000e4000000,0x00000000e4000000,0x00000000e4b00000)
 ParOldGen       total 56320K, used 9072K [0x00000000a0000000, 0x00000000a3700000, 0x00000000e0000000)
  object space 56320K, 16% used [0x00000000a0000000,0x00000000a08dc198,0x00000000a3700000)
 Metaspace       used 20695K, capacity 21272K, committed 21296K, reserved 1067008K
  class space    used 2898K, capacity 3120K, committed 3120K, reserved 1048576K
}
Event: 16.934 GC heap before
{Heap before GC invocations=8 (full 1):
 PSYoungGen      total 75776K, used 65264K [0x00000000e0000000, 0x00000000e5700000, 0x0000000100000000)
  eden space 65536K, 99% used [0x00000000e0000000,0x00000000e3fbc290,0x00000000e4000000)
  from space 10240K, 0% used [0x00000000e4b00000,0x00000000e4b00000,0x00000000e5500000)
  to   space 11264K, 0% used [0x00000000e4000000,0x00000000e4000000,0x00000000e4b00000)
 ParOldGen       total 56320K, used 9072K [0x00000000a0000000, 0x00000000a3700000, 0x00000000e0000000)
  object space 56320K, 16% used [0x00000000a0000000,0x00000000a08dc198,0x00000000a3700000)
 Metaspace       used 28281K, capacity 28928K, committed 29232K, reserved 1075200K
  class space    used 3898K, capacity 4131K, committed 4144K, reserved 1048576K
Event: 16.950 GC heap after
Heap after GC invocations=8 (full 1):
 PSYoungGen      total 76800K, used 8566K [0x00000000e0000000, 0x00000000e8180000, 0x0000000100000000)
  eden space 65536K, 0% used [0x00000000e0000000,0x00000000e0000000,0x00000000e4000000)
  from space 11264K, 76% used [0x00000000e4000000,0x00000000e485d9f8,0x00000000e4b00000)
  to   space 11264K, 0% used [0x00000000e7680000,0x00000000e7680000,0x00000000e8180000)
 ParOldGen       total 56320K, used 9080K [0x00000000a0000000, 0x00000000a3700000, 0x00000000e0000000)
  object space 56320K, 16% used [0x00000000a0000000,0x00000000a08de198,0x00000000a3700000)
 Metaspace       used 28281K, capacity 28928K, committed 29232K, reserved 1075200K
  class space    used 3898K, capacity 4131K, committed 4144K, reserved 1048576K
}
Event: 19.451 GC heap before
{Heap before GC invocations=9 (full 1):
 PSYoungGen      total 76800K, used 74102K [0x00000000e0000000, 0x00000000e8180000, 0x0000000100000000)
  eden space 65536K, 100% used [0x00000000e0000000,0x00000000e4000000,0x00000000e4000000)
  from space 11264K, 76% used [0x00000000e4000000,0x00000000e485d9f8,0x00000000e4b00000)
  to   space 11264K, 0% used [0x00000000e7680000,0x00000000e7680000,0x00000000e8180000)
 ParOldGen       total 56320K, used 9080K [0x00000000a0000000, 0x00000000a3700000, 0x00000000e0000000)
  object space 56320K, 16% used [0x00000000a0000000,0x00000000a08de198,0x00000000a3700000)
 Metaspace       used 32493K, capacity 33260K, committed 33456K, reserved 1077248K
  class space    used 4440K, capacity 4677K, committed 4784K, reserved 1048576K

