# JRE version: OpenJDK Runtime Environment (8.0_212-b04) (build 1.8.0_212-release-1586-b04)
# Java VM: OpenJDK 64-Bit Server VM (25.212-b04 mixed mode windows-amd64 compressed oops)
Heap:
 PSYoungGen      total 134656K, used 27970K [0x00000000e0000000, 0x00000000e9300000, 0x0000000100000000)
  eden space 122880K, 13% used [0x00000000e0000000,0x00000000e0fd5820,0x00000000e7800000)
  from space 11776K, 99% used [0x00000000e7800000,0x00000000e837b310,0x00000000e8380000)
  to   space 12288K, 0% used [0x00000000e8380000,0x00000000e8380000,0x00000000e8f80000)
 ParOldGen       total 87552K, used 23058K [0x00000000a0000000, 0x00000000a5580000, 0x00000000e0000000)
  object space 87552K, 26% used [0x00000000a0000000,0x00000000a1684b28,0x00000000a5580000)
 Metaspace       used 52191K, capacity 53606K, committed 53888K, reserved 1095680K
  class space    used 6861K, capacity 7229K, committed 7296K, reserved 1048576K
GC Heap History (10 events):
Event: 44.465 GC heap before
{Heap before GC invocations=9 (full 1):
 PSYoungGen      total 77312K, used 73753K [0x00000000e0000000, 0x00000000e7400000, 0x0000000100000000)
  eden space 66048K, 100% used [0x00000000e0000000,0x00000000e4080000,0x00000000e4080000)
  from space 11264K, 68% used [0x00000000e4080000,0x00000000e4806590,0x00000000e4b80000)
  to   space 11264K, 0% used [0x00000000e6900000,0x00000000e6900000,0x00000000e7400000)
 ParOldGen       total 64000K, used 9690K [0x00000000a0000000, 0x00000000a3e80000, 0x00000000e0000000)
  object space 64000K, 15% used [0x00000000a0000000,0x00000000a0976928,0x00000000a3e80000)
 Metaspace       used 33632K, capacity 34258K, committed 34432K, reserved 1079296K
  class space    used 4502K, capacity 4699K, committed 4736K, reserved 1048576K
Event: 44.487 GC heap after
Heap after GC invocations=9 (full 1):
 PSYoungGen      total 102912K, used 10488K [0x00000000e0000000, 0x00000000e7380000, 0x0000000100000000)
  eden space 92160K, 0% used [0x00000000e0000000,0x00000000e0000000,0x00000000e5a00000)
  from space 10752K, 97% used [0x00000000e6900000,0x00000000e733e340,0x00000000e7380000)
  to   space 12288K, 0% used [0x00000000e5b80000,0x00000000e5b80000,0x00000000e6780000)
 ParOldGen       total 64000K, used 9698K [0x00000000a0000000, 0x00000000a3e80000, 0x00000000e0000000)
  object space 64000K, 15% used [0x00000000a0000000,0x00000000a0978928,0x00000000a3e80000)
 Metaspace       used 33632K, capacity 34258K, committed 34432K, reserved 1079296K
  class space    used 4502K, capacity 4699K, committed 4736K, reserved 1048576K
}
Event: 45.641 GC heap before
{Heap before GC invocations=10 (full 1):
 PSYoungGen      total 102912K, used 24689K [0x00000000e0000000, 0x00000000e7380000, 0x0000000100000000)
  eden space 92160K, 15% used [0x00000000e0000000,0x00000000e0dde2c8,0x00000000e5a00000)
  from space 10752K, 97% used [0x00000000e6900000,0x00000000e733e340,0x00000000e7380000)
  to   space 12288K, 0% used [0x00000000e5b80000,0x00000000e5b80000,0x00000000e6780000)
 ParOldGen       total 64000K, used 9698K [0x00000000a0000000, 0x00000000a3e80000, 0x00000000e0000000)
  object space 64000K, 15% used [0x00000000a0000000,0x00000000a0978928,0x00000000a3e80000)
 Metaspace       used 34587K, capacity 35394K, committed 35496K, reserved 1079296K
  class space    used 4584K, capacity 4818K, committed 4864K, reserved 1048576K
Event: 45.683 GC heap after
Heap after GC invocations=10 (full 1):
 PSYoungGen      total 105984K, used 7647K [0x00000000e0000000, 0x00000000e8f80000, 0x0000000100000000)
  eden space 93696K, 0% used [0x00000000e0000000,0x00000000e0000000,0x00000000e5b80000)
  from space 12288K, 62% used [0x00000000e5b80000,0x00000000e62f7fa8,0x00000000e6780000)
  to   space 12288K, 0% used [0x00000000e8380000,0x00000000e8380000,0x00000000e8f80000)
 ParOldGen       total 64000K, used 9698K [0x00000000a0000000, 0x00000000a3e80000, 0x00000000e0000000)
  object space 64000K, 15% used [0x00000000a0000000,0x00000000a0978928,0x00000000a3e80000)
 Metaspace       used 34587K, capacity 35394K, committed 35496K, reserved 1079296K
  class space    used 4584K, capacity 4818K, committed 4864K, reserved 1048576K
}
Event: 45.684 GC heap before
{Heap before GC invocations=11 (full 2):
 PSYoungGen      total 105984K, used 7647K [0x00000000e0000000, 0x00000000e8f80000, 0x0000000100000000)
  eden space 93696K, 0% used [0x00000000e0000000,0x00000000e0000000,0x00000000e5b80000)
  from space 12288K, 62% used [0x00000000e5b80000,0x00000000e62f7fa8,0x00000000e6780000)
  to   space 12288K, 0% used [0x00000000e8380000,0x00000000e8380000,0x00000000e8f80000)
 ParOldGen       total 64000K, used 9698K [0x00000000a0000000, 0x00000000a3e80000, 0x00000000e0000000)
  object space 64000K, 15% used [0x00000000a0000000,0x00000000a0978928,0x00000000a3e80000)
 Metaspace       used 34587K, capacity 35394K, committed 35496K, reserved 1079296K
  class space    used 4584K, capacity 4818K, committed 4864K, reserved 1048576K
Event: 45.829 GC heap after
Heap after GC invocations=11 (full 2):
 PSYoungGen      total 105984K, used 0K [0x00000000e0000000, 0x00000000e8f80000, 0x0000000100000000)
  eden space 93696K, 0% used [0x00000000e0000000,0x00000000e0000000,0x00000000e5b80000)
  from space 12288K, 0% used [0x00000000e5b80000,0x00000000e5b80000,0x00000000e6780000)
  to   space 12288K, 0% used [0x00000000e8380000,0x00000000e8380000,0x00000000e8f80000)
 ParOldGen       total 87552K, used 14991K [0x00000000a0000000, 0x00000000a5580000, 0x00000000e0000000)
  object space 87552K, 17% used [0x00000000a0000000,0x00000000a0ea3cc8,0x00000000a5580000)
 Metaspace       used 34541K, capacity 35290K, committed 35496K, reserved 1079296K
  class space    used 4573K, capacity 4806K, committed 4864K, reserved 1048576K
}
Event: 51.063 GC heap before
{Heap before GC invocations=12 (full 2):
 PSYoungGen      total 105984K, used 93696K [0x00000000e0000000, 0x00000000e8f80000, 0x0000000100000000)
  eden space 93696K, 100% used [0x00000000e0000000,0x00000000e5b80000,0x00000000e5b80000)
  from space 12288K, 0% used [0x00000000e5b80000,0x00000000e5b80000,0x00000000e6780000)
  to   space 12288K, 0% used [0x00000000e8380000,0x00000000e8380000,0x00000000e8f80000)
 ParOldGen       total 87552K, used 14991K [0x00000000a0000000, 0x00000000a5580000, 0x00000000e0000000)
  object space 87552K, 17% used [0x00000000a0000000,0x00000000a0ea3cc8,0x00000000a5580000)
 Metaspace       used 39110K, capacity 40120K, committed 40320K, reserved 1083392K
  class space    used 5243K, capacity 5501K, committed 5504K, reserved 1048576K
Event: 51.097 GC heap after
Heap after GC invocations=12 (full 2):
 PSYoungGen      total 135168K, used 8251K [0x00000000e0000000, 0x00000000e9300000, 0x0000000100000000)
  eden space 122880K, 0% used [0x00000000e0000000,0x00000000e0000000,0x00000000e7800000)
  from space 12288K, 67% used [0x00000000e8380000,0x00000000e8b8ec80,0x00000000e8f80000)
  to   space 11776K, 0% used [0x00000000e7800000,0x00000000e7800000,0x00000000e8380000)
 ParOldGen       total 87552K, used 14991K [0x00000000a0000000, 0x00000000a5580000, 0x00000000e0000000)
  object space 87552K, 17% used [0x00000000a0000000,0x00000000a0ea3cc8,0x00000000a5580000)
 Metaspace       used 39110K, capacity 40120K, committed 40320K, reserved 1083392K
  class space    used 5243K, capacity 5501K, committed 5504K, reserved 1048576K
}
Event: 57.562 GC heap before
{Heap before GC invocations=13 (full 2):
 PSYoungGen      total 135168K, used 131131K [0x00000000e0000000, 0x00000000e9300000, 0x0000000100000000)
  eden space 122880K, 100% used [0x00000000e0000000,0x00000000e7800000,0x00000000e7800000)
  from space 12288K, 67% used [0x00000000e8380000,0x00000000e8b8ec80,0x00000000e8f80000)
  to   space 11776K, 0% used [0x00000000e7800000,0x00000000e7800000,0x00000000e8380000)
 ParOldGen       total 87552K, used 14991K [0x00000000a0000000, 0x00000000a5580000, 0x00000000e0000000)
  object space 87552K, 17% used [0x00000000a0000000,0x00000000a0ea3cc8,0x00000000a5580000)
 Metaspace       used 51780K, capacity 53144K, committed 53504K, reserved 1095680K
  class space    used 6784K, capacity 7123K, committed 7168K, reserved 1048576K
Event: 57.606 GC heap after
Heap after GC invocations=13 (full 2):
 PSYoungGen      total 134656K, used 11756K [0x00000000e0000000, 0x00000000e9300000, 0x0000000100000000)
  eden space 122880K, 0% used [0x00000000e0000000,0x00000000e0000000,0x00000000e7800000)
  from space 11776K, 99% used [0x00000000e7800000,0x00000000e837b310,0x00000000e8380000)
  to   space 12288K, 0% used [0x00000000e8380000,0x00000000e8380000,0x00000000e8f80000)
 ParOldGen       total 87552K, used 23058K [0x00000000a0000000, 0x00000000a5580000, 0x00000000e0000000)
  object space 87552K, 26% used [0x00000000a0000000,0x00000000a1684b28,0x00000000a5580000)
 Metaspace       used 51780K, capacity 53144K, committed 53504K, reserved 1095680K
  class space    used 6784K, capacity 7123K, committed 7168K, reserved 1048576K
}

