# JRE version: OpenJDK Runtime Environment (8.0_212-b04) (build 1.8.0_212-release-1586-b04)
# Java VM: OpenJDK 64-Bit Server VM (25.212-b04 mixed mode windows-amd64 compressed oops)
Heap:
 PSYoungGen      total 405504K, used 286705K [0x00000000e0000000, 0x00000000fdd80000, 0x0000000100000000)
  eden space 333312K, 76% used [0x00000000e0000000,0x00000000ef8fe600,0x00000000f4580000)
  from space 72192K, 43% used [0x00000000f4580000,0x00000000f647dfb0,0x00000000f8c00000)
  to   space 68608K, 0% used [0x00000000f9a80000,0x00000000f9a80000,0x00000000fdd80000)
 ParOldGen       total 228352K, used 79888K [0x00000000a0000000, 0x00000000adf00000, 0x00000000e0000000)
  object space 228352K, 34% used [0x00000000a0000000,0x00000000a4e040a0,0x00000000adf00000)
 Metaspace       used 101489K, capacity 106764K, committed 107264K, reserved 1142784K
  class space    used 12813K, capacity 13769K, committed 14080K, reserved 1048576K
GC Heap History (10 events):
Event: 8742.218 GC heap before
{Heap before GC invocations=46 (full 5):
 PSYoungGen      total 358912K, used 358905K [0x00000000e0000000, 0x00000000fe100000, 0x0000000100000000)
  eden space 289280K, 100% used [0x00000000e0000000,0x00000000f1a80000,0x00000000f1a80000)
  from space 69632K, 99% used [0x00000000f6f80000,0x00000000fb37e548,0x00000000fb380000)
  to   space 87040K, 0% used [0x00000000f1a80000,0x00000000f1a80000,0x00000000f6f80000)
 ParOldGen       total 228352K, used 78728K [0x00000000a0000000, 0x00000000adf00000, 0x00000000e0000000)
  object space 228352K, 34% used [0x00000000a0000000,0x00000000a4ce2040,0x00000000adf00000)
 Metaspace       used 100447K, capacity 105520K, committed 106112K, reserved 1140736K
  class space    used 12748K, capacity 13681K, committed 13952K, reserved 1048576K
Event: 8742.342 GC heap after
Heap after GC invocations=46 (full 5):
 PSYoungGen      total 376320K, used 35639K [0x00000000e0000000, 0x00000000fd900000, 0x0000000100000000)
  eden space 289280K, 0% used [0x00000000e0000000,0x00000000e0000000,0x00000000f1a80000)
  from space 87040K, 40% used [0x00000000f1a80000,0x00000000f3d4dfc0,0x00000000f6f80000)
  to   space 82944K, 0% used [0x00000000f8800000,0x00000000f8800000,0x00000000fd900000)
 ParOldGen       total 228352K, used 79856K [0x00000000a0000000, 0x00000000adf00000, 0x00000000e0000000)
  object space 228352K, 34% used [0x00000000a0000000,0x00000000a4dfc0a0,0x00000000adf00000)
 Metaspace       used 100447K, capacity 105520K, committed 106112K, reserved 1140736K
  class space    used 12748K, capacity 13681K, committed 13952K, reserved 1048576K
}
Event: 9418.914 GC heap before
{Heap before GC invocations=47 (full 5):
 PSYoungGen      total 376320K, used 324919K [0x00000000e0000000, 0x00000000fd900000, 0x0000000100000000)
  eden space 289280K, 100% used [0x00000000e0000000,0x00000000f1a80000,0x00000000f1a80000)
  from space 87040K, 40% used [0x00000000f1a80000,0x00000000f3d4dfc0,0x00000000f6f80000)
  to   space 82944K, 0% used [0x00000000f8800000,0x00000000f8800000,0x00000000fd900000)
 ParOldGen       total 228352K, used 79856K [0x00000000a0000000, 0x00000000adf00000, 0x00000000e0000000)
  object space 228352K, 34% used [0x00000000a0000000,0x00000000a4dfc0a0,0x00000000adf00000)
 Metaspace       used 100531K, capacity 105676K, committed 106368K, reserved 1142784K
  class space    used 12762K, capacity 13707K, committed 13952K, reserved 1048576K
Event: 9418.956 GC heap after
Heap after GC invocations=47 (full 5):
 PSYoungGen      total 384000K, used 25192K [0x00000000e0000000, 0x00000000fcc80000, 0x0000000100000000)
  eden space 313856K, 0% used [0x00000000e0000000,0x00000000e0000000,0x00000000f3280000)
  from space 70144K, 35% used [0x00000000f8800000,0x00000000fa09a218,0x00000000fcc80000)
  to   space 78848K, 0% used [0x00000000f3280000,0x00000000f3280000,0x00000000f7f80000)
 ParOldGen       total 228352K, used 79864K [0x00000000a0000000, 0x00000000adf00000, 0x00000000e0000000)
  object space 228352K, 34% used [0x00000000a0000000,0x00000000a4dfe0a0,0x00000000adf00000)
 Metaspace       used 100531K, capacity 105676K, committed 106368K, reserved 1142784K
  class space    used 12762K, capacity 13707K, committed 13952K, reserved 1048576K
}
Event: 9449.530 GC heap before
{Heap before GC invocations=48 (full 5):
 PSYoungGen      total 384000K, used 339048K [0x00000000e0000000, 0x00000000fcc80000, 0x0000000100000000)
  eden space 313856K, 100% used [0x00000000e0000000,0x00000000f3280000,0x00000000f3280000)
  from space 70144K, 35% used [0x00000000f8800000,0x00000000fa09a218,0x00000000fcc80000)
  to   space 78848K, 0% used [0x00000000f3280000,0x00000000f3280000,0x00000000f7f80000)
 ParOldGen       total 228352K, used 79864K [0x00000000a0000000, 0x00000000adf00000, 0x00000000e0000000)
  object space 228352K, 34% used [0x00000000a0000000,0x00000000a4dfe0a0,0x00000000adf00000)
 Metaspace       used 100785K, capacity 105962K, committed 106496K, reserved 1142784K
  class space    used 12777K, capacity 13724K, committed 14080K, reserved 1048576K
Event: 9449.593 GC heap after
Heap after GC invocations=48 (full 5):
 PSYoungGen      total 392704K, used 36776K [0x00000000e0000000, 0x00000000fde00000, 0x0000000100000000)
  eden space 313856K, 0% used [0x00000000e0000000,0x00000000e0000000,0x00000000f3280000)
  from space 78848K, 46% used [0x00000000f3280000,0x00000000f566a320,0x00000000f7f80000)
  to   space 76288K, 0% used [0x00000000f9380000,0x00000000f9380000,0x00000000fde00000)
 ParOldGen       total 228352K, used 79872K [0x00000000a0000000, 0x00000000adf00000, 0x00000000e0000000)
  object space 228352K, 34% used [0x00000000a0000000,0x00000000a4e000a0,0x00000000adf00000)
 Metaspace       used 100785K, capacity 105962K, committed 106496K, reserved 1142784K
  class space    used 12777K, capacity 13724K, committed 14080K, reserved 1048576K
}
Event: 9639.483 GC heap before
{Heap before GC invocations=49 (full 5):
 PSYoungGen      total 392704K, used 350632K [0x00000000e0000000, 0x00000000fde00000, 0x0000000100000000)
  eden space 313856K, 100% used [0x00000000e0000000,0x00000000f3280000,0x00000000f3280000)
  from space 78848K, 46% used [0x00000000f3280000,0x00000000f566a320,0x00000000f7f80000)
  to   space 76288K, 0% used [0x00000000f9380000,0x00000000f9380000,0x00000000fde00000)
 ParOldGen       total 228352K, used 79872K [0x00000000a0000000, 0x00000000adf00000, 0x00000000e0000000)
  object space 228352K, 34% used [0x00000000a0000000,0x00000000a4e000a0,0x00000000adf00000)
 Metaspace       used 100917K, capacity 106198K, committed 106752K, reserved 1142784K
  class space    used 12788K, capacity 13730K, committed 14080K, reserved 1048576K
Event: 9639.525 GC heap after
Heap after GC invocations=49 (full 5):
 PSYoungGen      total 397824K, used 28440K [0x00000000e0000000, 0x00000000fd280000, 0x0000000100000000)
  eden space 333312K, 0% used [0x00000000e0000000,0x00000000e0000000,0x00000000f4580000)
  from space 64512K, 44% used [0x00000000f9380000,0x00000000faf46230,0x00000000fd280000)
  to   space 72192K, 0% used [0x00000000f4580000,0x00000000f4580000,0x00000000f8c00000)
 ParOldGen       total 228352K, used 79880K [0x00000000a0000000, 0x00000000adf00000, 0x00000000e0000000)
  object space 228352K, 34% used [0x00000000a0000000,0x00000000a4e020a0,0x00000000adf00000)
 Metaspace       used 100917K, capacity 106198K, committed 106752K, reserved 1142784K
  class space    used 12788K, capacity 13730K, committed 14080K, reserved 1048576K
}
Event: 9660.899 GC heap before
{Heap before GC invocations=50 (full 5):
 PSYoungGen      total 397824K, used 361752K [0x00000000e0000000, 0x00000000fd280000, 0x0000000100000000)
  eden space 333312K, 100% used [0x00000000e0000000,0x00000000f4580000,0x00000000f4580000)
  from space 64512K, 44% used [0x00000000f9380000,0x00000000faf46230,0x00000000fd280000)
  to   space 72192K, 0% used [0x00000000f4580000,0x00000000f4580000,0x00000000f8c00000)
 ParOldGen       total 228352K, used 79880K [0x00000000a0000000, 0x00000000adf00000, 0x00000000e0000000)
  object space 228352K, 34% used [0x00000000a0000000,0x00000000a4e020a0,0x00000000adf00000)
 Metaspace       used 101389K, capacity 106712K, committed 107264K, reserved 1142784K
  class space    used 12809K, capacity 13761K, committed 14080K, reserved 1048576K
Event: 9660.959 GC heap after
Heap after GC invocations=50 (full 5):
 PSYoungGen      total 405504K, used 31735K [0x00000000e0000000, 0x00000000fdd80000, 0x0000000100000000)
  eden space 333312K, 0% used [0x00000000e0000000,0x00000000e0000000,0x00000000f4580000)
  from space 72192K, 43% used [0x00000000f4580000,0x00000000f647dfb0,0x00000000f8c00000)
  to   space 68608K, 0% used [0x00000000f9a80000,0x00000000f9a80000,0x00000000fdd80000)
 ParOldGen       total 228352K, used 79888K [0x00000000a0000000, 0x00000000adf00000, 0x00000000e0000000)
  object space 228352K, 34% used [0x00000000a0000000,0x00000000a4e040a0,0x00000000adf00000)
 Metaspace       used 101389K, capacity 106712K, committed 107264K, reserved 1142784K
  class space    used 12809K, capacity 13761K, committed 14080K, reserved 1048576K
}

