# JRE version: OpenJDK Runtime Environment (8.0_212-b04) (build 1.8.0_212-release-1586-b04)
# Java VM: OpenJDK 64-Bit Server VM (25.212-b04 mixed mode windows-amd64 compressed oops)
Heap:
 PSYoungGen      total 345600K, used 280795K [0x00000000e0000000, 0x00000000fc380000, 0x0000000100000000)
  eden space 249344K, 95% used [0x00000000e0000000,0x00000000ee8a1120,0x00000000ef380000)
  from space 96256K, 44% used [0x00000000f6580000,0x00000000f8f15be0,0x00000000fc380000)
  to   space 106496K, 0% used [0x00000000ef380000,0x00000000ef380000,0x00000000f5b80000)
 ParOldGen       total 290304K, used 209775K [0x00000000a0000000, 0x00000000b1b80000, 0x00000000e0000000)
  object space 290304K, 72% used [0x00000000a0000000,0x00000000accdbd00,0x00000000b1b80000)
 Metaspace       used 92097K, capacity 96926K, committed 97240K, reserved 1134592K
  class space    used 11778K, capacity 12690K, committed 12760K, reserved 1048576K
GC Heap History (10 events):
Event: 2373.045 GC heap before
{Heap before GC invocations=32 (full 4):
 PSYoungGen      total 255488K, used 242300K [0x00000000e0000000, 0x00000000f6500000, 0x0000000100000000)
  eden space 180224K, 99% used [0x00000000e0000000,0x00000000eafc5120,0x00000000eb000000)
  from space 75264K, 82% used [0x00000000eb000000,0x00000000eecd9fe8,0x00000000ef980000)
  to   space 82944K, 0% used [0x00000000f1400000,0x00000000f1400000,0x00000000f6500000)
 ParOldGen       total 290304K, used 157758K [0x00000000a0000000, 0x00000000b1b80000, 0x00000000e0000000)
  object space 290304K, 54% used [0x00000000a0000000,0x00000000a9a0fb28,0x00000000b1b80000)
 Metaspace       used 89615K, capacity 93372K, committed 93528K, reserved 1130496K
  class space    used 11508K, capacity 12265K, committed 12376K, reserved 1048576K
Event: 2373.180 GC heap after
Heap after GC invocations=32 (full 4):
 PSYoungGen      total 274432K, used 68699K [0x00000000e0000000, 0x00000000f7680000, 0x0000000100000000)
  eden space 191488K, 0% used [0x00000000e0000000,0x00000000e0000000,0x00000000ebb00000)
  from space 82944K, 82% used [0x00000000f1400000,0x00000000f5716d10,0x00000000f6500000)
  to   space 91136K, 0% used [0x00000000ebb00000,0x00000000ebb00000,0x00000000f1400000)
 ParOldGen       total 290304K, used 157766K [0x00000000a0000000, 0x00000000b1b80000, 0x00000000e0000000)
  object space 290304K, 54% used [0x00000000a0000000,0x00000000a9a11b28,0x00000000b1b80000)
 Metaspace       used 89615K, capacity 93372K, committed 93528K, reserved 1130496K
  class space    used 11508K, capacity 12265K, committed 12376K, reserved 1048576K
}
Event: 2375.517 GC heap before
{Heap before GC invocations=33 (full 4):
 PSYoungGen      total 274432K, used 260187K [0x00000000e0000000, 0x00000000f7680000, 0x0000000100000000)
  eden space 191488K, 100% used [0x00000000e0000000,0x00000000ebb00000,0x00000000ebb00000)
  from space 82944K, 82% used [0x00000000f1400000,0x00000000f5716d10,0x00000000f6500000)
  to   space 91136K, 0% used [0x00000000ebb00000,0x00000000ebb00000,0x00000000f1400000)
 ParOldGen       total 290304K, used 157766K [0x00000000a0000000, 0x00000000b1b80000, 0x00000000e0000000)
  object space 290304K, 54% used [0x00000000a0000000,0x00000000a9a11b28,0x00000000b1b80000)
 Metaspace       used 89628K, capacity 93376K, committed 93528K, reserved 1130496K
  class space    used 11508K, capacity 12265K, committed 12376K, reserved 1048576K
Event: 2375.823 GC heap after
Heap after GC invocations=33 (full 4):
 PSYoungGen      total 282624K, used 91118K [0x00000000e0000000, 0x00000000fbe00000, 0x0000000100000000)
  eden space 191488K, 0% used [0x00000000e0000000,0x00000000e0000000,0x00000000ebb00000)
  from space 91136K, 99% used [0x00000000ebb00000,0x00000000f13fbbc0,0x00000000f1400000)
  to   space 115200K, 0% used [0x00000000f4d80000,0x00000000f4d80000,0x00000000fbe00000)
 ParOldGen       total 290304K, used 182565K [0x00000000a0000000, 0x00000000b1b80000, 0x00000000e0000000)
  object space 290304K, 62% used [0x00000000a0000000,0x00000000ab2494c0,0x00000000b1b80000)
 Metaspace       used 89628K, capacity 93376K, committed 93528K, reserved 1130496K
  class space    used 11508K, capacity 12265K, committed 12376K, reserved 1048576K
}
Event: 2898.707 GC heap before
{Heap before GC invocations=34 (full 4):
 PSYoungGen      total 282624K, used 282606K [0x00000000e0000000, 0x00000000fbe00000, 0x0000000100000000)
  eden space 191488K, 100% used [0x00000000e0000000,0x00000000ebb00000,0x00000000ebb00000)
  from space 91136K, 99% used [0x00000000ebb00000,0x00000000f13fbbc0,0x00000000f1400000)
  to   space 115200K, 0% used [0x00000000f4d80000,0x00000000f4d80000,0x00000000fbe00000)
 ParOldGen       total 290304K, used 182565K [0x00000000a0000000, 0x00000000b1b80000, 0x00000000e0000000)
  object space 290304K, 62% used [0x00000000a0000000,0x00000000ab2494c0,0x00000000b1b80000)
 Metaspace       used 90811K, capacity 94842K, committed 94936K, reserved 1132544K
  class space    used 11636K, capacity 12430K, committed 12504K, reserved 1048576K
Event: 2899.018 GC heap after
Heap after GC invocations=34 (full 4):
 PSYoungGen      total 337920K, used 69557K [0x00000000e0000000, 0x00000000fbf80000, 0x0000000100000000)
  eden space 222720K, 0% used [0x00000000e0000000,0x00000000e0000000,0x00000000ed980000)
  from space 115200K, 60% used [0x00000000f4d80000,0x00000000f916d528,0x00000000fbe00000)
  to   space 117760K, 0% used [0x00000000ed980000,0x00000000ed980000,0x00000000f4c80000)
 ParOldGen       total 290304K, used 193767K [0x00000000a0000000, 0x00000000b1b80000, 0x00000000e0000000)
  object space 290304K, 66% used [0x00000000a0000000,0x00000000abd39d08,0x00000000b1b80000)
 Metaspace       used 90811K, capacity 94842K, committed 94936K, reserved 1132544K
  class space    used 11636K, capacity 12430K, committed 12504K, reserved 1048576K
}
Event: 3043.944 GC heap before
{Heap before GC invocations=35 (full 4):
 PSYoungGen      total 337920K, used 292277K [0x00000000e0000000, 0x00000000fbf80000, 0x0000000100000000)
  eden space 222720K, 100% used [0x00000000e0000000,0x00000000ed980000,0x00000000ed980000)
  from space 115200K, 60% used [0x00000000f4d80000,0x00000000f916d528,0x00000000fbe00000)
  to   space 117760K, 0% used [0x00000000ed980000,0x00000000ed980000,0x00000000f4c80000)
 ParOldGen       total 290304K, used 193767K [0x00000000a0000000, 0x00000000b1b80000, 0x00000000e0000000)
  object space 290304K, 66% used [0x00000000a0000000,0x00000000abd39d08,0x00000000b1b80000)
 Metaspace       used 91279K, capacity 95500K, committed 95704K, reserved 1132544K
  class space    used 11671K, capacity 12495K, committed 12504K, reserved 1048576K
Event: 3044.103 GC heap after
Heap after GC invocations=35 (full 4):
 PSYoungGen      total 340480K, used 51081K [0x00000000e0000000, 0x00000000fd300000, 0x0000000100000000)
  eden space 222720K, 0% used [0x00000000e0000000,0x00000000e0000000,0x00000000ed980000)
  from space 117760K, 43% used [0x00000000ed980000,0x00000000f0b626e0,0x00000000f4c80000)
  to   space 112128K, 0% used [0x00000000f6580000,0x00000000f6580000,0x00000000fd300000)
 ParOldGen       total 290304K, used 209767K [0x00000000a0000000, 0x00000000b1b80000, 0x00000000e0000000)
  object space 290304K, 72% used [0x00000000a0000000,0x00000000accd9d00,0x00000000b1b80000)
 Metaspace       used 91279K, capacity 95500K, committed 95704K, reserved 1132544K
  class space    used 11671K, capacity 12495K, committed 12504K, reserved 1048576K
}
Event: 3204.315 GC heap before
{Heap before GC invocations=36 (full 4):
 PSYoungGen      total 340480K, used 273801K [0x00000000e0000000, 0x00000000fd300000, 0x0000000100000000)
  eden space 222720K, 100% used [0x00000000e0000000,0x00000000ed980000,0x00000000ed980000)
  from space 117760K, 43% used [0x00000000ed980000,0x00000000f0b626e0,0x00000000f4c80000)
  to   space 112128K, 0% used [0x00000000f6580000,0x00000000f6580000,0x00000000fd300000)
 ParOldGen       total 290304K, used 209767K [0x00000000a0000000, 0x00000000b1b80000, 0x00000000e0000000)
  object space 290304K, 72% used [0x00000000a0000000,0x00000000accd9d00,0x00000000b1b80000)
 Metaspace       used 91642K, capacity 95994K, committed 96088K, reserved 1132544K
  class space    used 11705K, capacity 12556K, committed 12632K, reserved 1048576K
Event: 3204.438 GC heap after
Heap after GC invocations=36 (full 4):
 PSYoungGen      total 345600K, used 42582K [0x00000000e0000000, 0x00000000fc380000, 0x0000000100000000)
  eden space 249344K, 0% used [0x00000000e0000000,0x00000000e0000000,0x00000000ef380000)
  from space 96256K, 44% used [0x00000000f6580000,0x00000000f8f15be0,0x00000000fc380000)
  to   space 106496K, 0% used [0x00000000ef380000,0x00000000ef380000,0x00000000f5b80000)
 ParOldGen       total 290304K, used 209775K [0x00000000a0000000, 0x00000000b1b80000, 0x00000000e0000000)
  object space 290304K, 72% used [0x00000000a0000000,0x00000000accdbd00,0x00000000b1b80000)
 Metaspace       used 91642K, capacity 95994K, committed 96088K, reserved 1132544K
  class space    used 11705K, capacity 12556K, committed 12632K, reserved 1048576K
}

