# JRE version: OpenJDK Runtime Environment (8.0_242-b01) (build 1.8.0_242-release-1644-b01)
# Java VM: OpenJDK 64-Bit Server VM (25.242-b01 mixed mode windows-amd64 compressed oops)
Heap:
 PSYoungGen      total 226304K, used 106637K [0x00000000e0000000, 0x00000000f3a80000, 0x0000000100000000)
  eden space 197120K, 39% used [0x00000000e0000000,0x00000000e4baa730,0x00000000ec080000)
  from space 29184K, 99% used [0x00000000ec080000,0x00000000edcf9010,0x00000000edd00000)
  to   space 40960K, 0% used [0x00000000f1280000,0x00000000f1280000,0x00000000f3a80000)
 ParOldGen       total 134144K, used 64331K [0x00000000a0000000, 0x00000000a8300000, 0x00000000e0000000)
  object space 134144K, 47% used [0x00000000a0000000,0x00000000a3ed2c40,0x00000000a8300000)
 Metaspace       used 78101K, capacity 81786K, committed 81968K, reserved 1120256K
  class space    used 10541K, capacity 11250K, committed 11312K, reserved 1048576K
GC Heap History (10 events):
Event: 24.455 GC heap before
{Heap before GC invocations=14 (full 2):
 PSYoungGen      total 155648K, used 37533K [0x00000000e0000000, 0x00000000ecd80000, 0x0000000100000000)
  eden space 142336K, 17% used [0x00000000e0000000,0x00000000e17aa230,0x00000000e8b00000)
  from space 13312K, 99% used [0x00000000e8b00000,0x00000000e97fd5c8,0x00000000e9800000)
  to   space 18432K, 0% used [0x00000000ebb80000,0x00000000ebb80000,0x00000000ecd80000)
 ParOldGen       total 87552K, used 24912K [0x00000000a0000000, 0x00000000a5580000, 0x00000000e0000000)
  object space 87552K, 28% used [0x00000000a0000000,0x00000000a1854290,0x00000000a5580000)
 Metaspace       used 57056K, capacity 59052K, committed 59160K, reserved 1099776K
  class space    used 7817K, capacity 8279K, committed 8368K, reserved 1048576K
Event: 24.470 GC heap after
Heap after GC invocations=14 (full 2):
 PSYoungGen      total 192000K, used 2439K [0x00000000e0000000, 0x00000000ed380000, 0x0000000100000000)
  eden space 173568K, 0% used [0x00000000e0000000,0x00000000e0000000,0x00000000ea980000)
  from space 18432K, 13% used [0x00000000ebb80000,0x00000000ebde1df8,0x00000000ecd80000)
  to   space 18432K, 0% used [0x00000000ea980000,0x00000000ea980000,0x00000000ebb80000)
 ParOldGen       total 87552K, used 33922K [0x00000000a0000000, 0x00000000a5580000, 0x00000000e0000000)
  object space 87552K, 38% used [0x00000000a0000000,0x00000000a21209f8,0x00000000a5580000)
 Metaspace       used 57056K, capacity 59052K, committed 59160K, reserved 1099776K
  class space    used 7817K, capacity 8279K, committed 8368K, reserved 1048576K
}
Event: 24.470 GC heap before
{Heap before GC invocations=15 (full 3):
 PSYoungGen      total 192000K, used 2439K [0x00000000e0000000, 0x00000000ed380000, 0x0000000100000000)
  eden space 173568K, 0% used [0x00000000e0000000,0x00000000e0000000,0x00000000ea980000)
  from space 18432K, 13% used [0x00000000ebb80000,0x00000000ebde1df8,0x00000000ecd80000)
  to   space 18432K, 0% used [0x00000000ea980000,0x00000000ea980000,0x00000000ebb80000)
 ParOldGen       total 87552K, used 33922K [0x00000000a0000000, 0x00000000a5580000, 0x00000000e0000000)
  object space 87552K, 38% used [0x00000000a0000000,0x00000000a21209f8,0x00000000a5580000)
 Metaspace       used 57056K, capacity 59052K, committed 59160K, reserved 1099776K
  class space    used 7817K, capacity 8279K, committed 8368K, reserved 1048576K
Event: 24.838 GC heap after
Heap after GC invocations=15 (full 3):
 PSYoungGen      total 192000K, used 0K [0x00000000e0000000, 0x00000000ed380000, 0x0000000100000000)
  eden space 173568K, 0% used [0x00000000e0000000,0x00000000e0000000,0x00000000ea980000)
  from space 18432K, 0% used [0x00000000ebb80000,0x00000000ebb80000,0x00000000ecd80000)
  to   space 18432K, 0% used [0x00000000ea980000,0x00000000ea980000,0x00000000ebb80000)
 ParOldGen       total 134144K, used 28974K [0x00000000a0000000, 0x00000000a8300000, 0x00000000e0000000)
  object space 134144K, 21% used [0x00000000a0000000,0x00000000a1c4bb60,0x00000000a8300000)
 Metaspace       used 57044K, capacity 59010K, committed 59160K, reserved 1099776K
  class space    used 7813K, capacity 8272K, committed 8368K, reserved 1048576K
}
Event: 29.971 GC heap before
{Heap before GC invocations=16 (full 3):
 PSYoungGen      total 192000K, used 173568K [0x00000000e0000000, 0x00000000ed380000, 0x0000000100000000)
  eden space 173568K, 100% used [0x00000000e0000000,0x00000000ea980000,0x00000000ea980000)
  from space 18432K, 0% used [0x00000000ebb80000,0x00000000ebb80000,0x00000000ecd80000)
  to   space 18432K, 0% used [0x00000000ea980000,0x00000000ea980000,0x00000000ebb80000)
 ParOldGen       total 134144K, used 28974K [0x00000000a0000000, 0x00000000a8300000, 0x00000000e0000000)
  object space 134144K, 21% used [0x00000000a0000000,0x00000000a1c4bb60,0x00000000a8300000)
 Metaspace       used 61420K, capacity 64064K, committed 64432K, reserved 1103872K
  class space    used 8433K, capacity 9009K, committed 9136K, reserved 1048576K
Event: 30.010 GC heap after
Heap after GC invocations=16 (full 3):
 PSYoungGen      total 192000K, used 15025K [0x00000000e0000000, 0x00000000ef080000, 0x0000000100000000)
  eden space 173568K, 0% used [0x00000000e0000000,0x00000000e0000000,0x00000000ea980000)
  from space 18432K, 81% used [0x00000000ea980000,0x00000000eb82c7e8,0x00000000ebb80000)
  to   space 19968K, 0% used [0x00000000edd00000,0x00000000edd00000,0x00000000ef080000)
 ParOldGen       total 134144K, used 28982K [0x00000000a0000000, 0x00000000a8300000, 0x00000000e0000000)
  object space 134144K, 21% used [0x00000000a0000000,0x00000000a1c4db60,0x00000000a8300000)
 Metaspace       used 61420K, capacity 64064K, committed 64432K, reserved 1103872K
  class space    used 8433K, capacity 9009K, committed 9136K, reserved 1048576K
}
Event: 42.354 GC heap before
{Heap before GC invocations=17 (full 3):
 PSYoungGen      total 192000K, used 188593K [0x00000000e0000000, 0x00000000ef080000, 0x0000000100000000)
  eden space 173568K, 100% used [0x00000000e0000000,0x00000000ea980000,0x00000000ea980000)
  from space 18432K, 81% used [0x00000000ea980000,0x00000000eb82c7e8,0x00000000ebb80000)
  to   space 19968K, 0% used [0x00000000edd00000,0x00000000edd00000,0x00000000ef080000)
 ParOldGen       total 134144K, used 28982K [0x00000000a0000000, 0x00000000a8300000, 0x00000000e0000000)
  object space 134144K, 21% used [0x00000000a0000000,0x00000000a1c4db60,0x00000000a8300000)
 Metaspace       used 68604K, capacity 71518K, committed 71856K, reserved 1112064K
  class space    used 9204K, capacity 9816K, committed 9904K, reserved 1048576K
Event: 42.594 GC heap after
Heap after GC invocations=17 (full 3):
 PSYoungGen      total 217088K, used 19962K [0x00000000e0000000, 0x00000000f0880000, 0x0000000100000000)
  eden space 197120K, 0% used [0x00000000e0000000,0x00000000e0000000,0x00000000ec080000)
  from space 19968K, 99% used [0x00000000edd00000,0x00000000ef07ea00,0x00000000ef080000)
  to   space 29184K, 0% used [0x00000000ec080000,0x00000000ec080000,0x00000000edd00000)
 ParOldGen       total 134144K, used 45806K [0x00000000a0000000, 0x00000000a8300000, 0x00000000e0000000)
  object space 134144K, 34% used [0x00000000a0000000,0x00000000a2cbbaa0,0x00000000a8300000)
 Metaspace       used 68604K, capacity 71518K, committed 71856K, reserved 1112064K
  class space    used 9204K, capacity 9816K, committed 9904K, reserved 1048576K
}
Event: 55.647 GC heap before
{Heap before GC invocations=18 (full 3):
 PSYoungGen      total 217088K, used 217082K [0x00000000e0000000, 0x00000000f0880000, 0x0000000100000000)
  eden space 197120K, 100% used [0x00000000e0000000,0x00000000ec080000,0x00000000ec080000)
  from space 19968K, 99% used [0x00000000edd00000,0x00000000ef07ea00,0x00000000ef080000)
  to   space 29184K, 0% used [0x00000000ec080000,0x00000000ec080000,0x00000000edd00000)
 ParOldGen       total 134144K, used 45806K [0x00000000a0000000, 0x00000000a8300000, 0x00000000e0000000)
  object space 134144K, 34% used [0x00000000a0000000,0x00000000a2cbbaa0,0x00000000a8300000)
 Metaspace       used 77410K, capacity 81004K, committed 81328K, reserved 1120256K
  class space    used 10439K, capacity 11137K, committed 11184K, reserved 1048576K
Event: 55.773 GC heap after
Heap after GC invocations=18 (full 3):
 PSYoungGen      total 226304K, used 29156K [0x00000000e0000000, 0x00000000f3a80000, 0x0000000100000000)
  eden space 197120K, 0% used [0x00000000e0000000,0x00000000e0000000,0x00000000ec080000)
  from space 29184K, 99% used [0x00000000ec080000,0x00000000edcf9010,0x00000000edd00000)
  to   space 40960K, 0% used [0x00000000f1280000,0x00000000f1280000,0x00000000f3a80000)
 ParOldGen       total 134144K, used 64331K [0x00000000a0000000, 0x00000000a8300000, 0x00000000e0000000)
  object space 134144K, 47% used [0x00000000a0000000,0x00000000a3ed2c40,0x00000000a8300000)
 Metaspace       used 77410K, capacity 81004K, committed 81328K, reserved 1120256K
  class space    used 10439K, capacity 11137K, committed 11184K, reserved 1048576K
}

