# JRE version: OpenJDK Runtime Environment (8.0_242-b01) (build 1.8.0_242-release-1644-b01)
# Java VM: OpenJDK 64-Bit Server VM (25.242-b01 mixed mode windows-amd64 compressed oops)
Heap:
 PSYoungGen      total 200704K, used 27678K [0x00000000e0000000, 0x00000000ef400000, 0x0000000100000000)
  eden space 182272K, 15% used [0x00000000e0000000,0x00000000e1b07bb0,0x00000000eb200000)
  from space 18432K, 0% used [0x00000000ec480000,0x00000000ec480000,0x00000000ed680000)
  to   space 18944K, 0% used [0x00000000eb200000,0x00000000eb200000,0x00000000ec480000)
 ParOldGen       total 83456K, used 28337K [0x00000000a0000000, 0x00000000a5180000, 0x00000000e0000000)
  object space 83456K, 33% used [0x00000000a0000000,0x00000000a1bac410,0x00000000a5180000)
 Metaspace       used 58134K, capacity 60246K, committed 60464K, reserved 1101824K
  class space    used 8003K, capacity 8468K, committed 8496K, reserved 1048576K
GC Heap History (10 events):
Event: 11.864 GC heap before
{Heap before GC invocations=11 (full 2):
 PSYoungGen      total 120832K, used 8712K [0x00000000e0000000, 0x00000000eb200000, 0x0000000100000000)
  eden space 109056K, 0% used [0x00000000e0000000,0x00000000e0000000,0x00000000e6a80000)
  from space 11776K, 73% used [0x00000000e6a80000,0x00000000e7302158,0x00000000e7600000)
  to   space 11776K, 0% used [0x00000000ea680000,0x00000000ea680000,0x00000000eb200000)
 ParOldGen       total 57344K, used 9103K [0x00000000a0000000, 0x00000000a3800000, 0x00000000e0000000)
  object space 57344K, 15% used [0x00000000a0000000,0x00000000a08e3e08,0x00000000a3800000)
 Metaspace       used 34624K, capacity 35426K, committed 35496K, reserved 1079296K
  class space    used 4747K, capacity 4976K, committed 5040K, reserved 1048576K
Event: 11.940 GC heap after
Heap after GC invocations=11 (full 2):
 PSYoungGen      total 120832K, used 0K [0x00000000e0000000, 0x00000000eb200000, 0x0000000100000000)
  eden space 109056K, 0% used [0x00000000e0000000,0x00000000e0000000,0x00000000e6a80000)
  from space 11776K, 0% used [0x00000000e6a80000,0x00000000e6a80000,0x00000000e7600000)
  to   space 11776K, 0% used [0x00000000ea680000,0x00000000ea680000,0x00000000eb200000)
 ParOldGen       total 83456K, used 15347K [0x00000000a0000000, 0x00000000a5180000, 0x00000000e0000000)
  object space 83456K, 18% used [0x00000000a0000000,0x00000000a0efcd90,0x00000000a5180000)
 Metaspace       used 34624K, capacity 35426K, committed 35496K, reserved 1079296K
  class space    used 4747K, capacity 4976K, committed 5040K, reserved 1048576K
}
Event: 14.764 GC heap before
{Heap before GC invocations=12 (full 2):
 PSYoungGen      total 120832K, used 109056K [0x00000000e0000000, 0x00000000eb200000, 0x0000000100000000)
  eden space 109056K, 100% used [0x00000000e0000000,0x00000000e6a80000,0x00000000e6a80000)
  from space 11776K, 0% used [0x00000000e6a80000,0x00000000e6a80000,0x00000000e7600000)
  to   space 11776K, 0% used [0x00000000ea680000,0x00000000ea680000,0x00000000eb200000)
 ParOldGen       total 83456K, used 15347K [0x00000000a0000000, 0x00000000a5180000, 0x00000000e0000000)
  object space 83456K, 18% used [0x00000000a0000000,0x00000000a0efcd90,0x00000000a5180000)
 Metaspace       used 44397K, capacity 45768K, committed 45872K, reserved 1089536K
  class space    used 6003K, capacity 6358K, committed 6448K, reserved 1048576K
Event: 14.788 GC heap after
Heap after GC invocations=12 (full 2):
 PSYoungGen      total 154112K, used 11767K [0x00000000e0000000, 0x00000000eb200000, 0x0000000100000000)
  eden space 142336K, 0% used [0x00000000e0000000,0x00000000e0000000,0x00000000e8b00000)
  from space 11776K, 99% used [0x00000000ea680000,0x00000000eb1fdd88,0x00000000eb200000)
  to   space 13312K, 0% used [0x00000000e9800000,0x00000000e9800000,0x00000000ea500000)
 ParOldGen       total 83456K, used 16278K [0x00000000a0000000, 0x00000000a5180000, 0x00000000e0000000)
  object space 83456K, 19% used [0x00000000a0000000,0x00000000a0fe58f8,0x00000000a5180000)
 Metaspace       used 44397K, capacity 45768K, committed 45872K, reserved 1089536K
  class space    used 6003K, capacity 6358K, committed 6448K, reserved 1048576K
}
Event: 20.387 GC heap before
{Heap before GC invocations=13 (full 2):
 PSYoungGen      total 154112K, used 154103K [0x00000000e0000000, 0x00000000eb200000, 0x0000000100000000)
  eden space 142336K, 100% used [0x00000000e0000000,0x00000000e8b00000,0x00000000e8b00000)
  from space 11776K, 99% used [0x00000000ea680000,0x00000000eb1fdd88,0x00000000eb200000)
  to   space 13312K, 0% used [0x00000000e9800000,0x00000000e9800000,0x00000000ea500000)
 ParOldGen       total 83456K, used 16278K [0x00000000a0000000, 0x00000000a5180000, 0x00000000e0000000)
  object space 83456K, 19% used [0x00000000a0000000,0x00000000a0fe58f8,0x00000000a5180000)
 Metaspace       used 55920K, capacity 57910K, committed 58032K, reserved 1099776K
  class space    used 7646K, capacity 8104K, committed 8112K, reserved 1048576K
Event: 20.433 GC heap after
Heap after GC invocations=13 (full 2):
 PSYoungGen      total 168960K, used 13305K [0x00000000e0000000, 0x00000000ed680000, 0x0000000100000000)
  eden space 155648K, 0% used [0x00000000e0000000,0x00000000e0000000,0x00000000e9800000)
  from space 13312K, 99% used [0x00000000e9800000,0x00000000ea4fe5f8,0x00000000ea500000)
  to   space 18432K, 0% used [0x00000000ec480000,0x00000000ec480000,0x00000000ed680000)
 ParOldGen       total 83456K, used 26055K [0x00000000a0000000, 0x00000000a5180000, 0x00000000e0000000)
  object space 83456K, 31% used [0x00000000a0000000,0x00000000a1971ca0,0x00000000a5180000)
 Metaspace       used 55920K, capacity 57910K, committed 58032K, reserved 1099776K
  class space    used 7646K, capacity 8104K, committed 8112K, reserved 1048576K
}
Event: 20.983 GC heap before
{Heap before GC invocations=14 (full 2):
 PSYoungGen      total 168960K, used 28121K [0x00000000e0000000, 0x00000000ed680000, 0x0000000100000000)
  eden space 155648K, 9% used [0x00000000e0000000,0x00000000e0e780b8,0x00000000e9800000)
  from space 13312K, 99% used [0x00000000e9800000,0x00000000ea4fe5f8,0x00000000ea500000)
  to   space 18432K, 0% used [0x00000000ec480000,0x00000000ec480000,0x00000000ed680000)
 ParOldGen       total 83456K, used 26055K [0x00000000a0000000, 0x00000000a5180000, 0x00000000e0000000)
  object space 83456K, 31% used [0x00000000a0000000,0x00000000a1971ca0,0x00000000a5180000)
 Metaspace       used 57075K, capacity 59064K, committed 59160K, reserved 1099776K
  class space    used 7817K, capacity 8281K, committed 8368K, reserved 1048576K
Event: 21.012 GC heap after
Heap after GC invocations=14 (full 2):
 PSYoungGen      total 200704K, used 1613K [0x00000000e0000000, 0x00000000ef400000, 0x0000000100000000)
  eden space 182272K, 0% used [0x00000000e0000000,0x00000000e0000000,0x00000000eb200000)
  from space 18432K, 8% used [0x00000000ec480000,0x00000000ec613608,0x00000000ed680000)
  to   space 18944K, 0% used [0x00000000eb200000,0x00000000eb200000,0x00000000ec480000)
 ParOldGen       total 83456K, used 34938K [0x00000000a0000000, 0x00000000a5180000, 0x00000000e0000000)
  object space 83456K, 41% used [0x00000000a0000000,0x00000000a221e928,0x00000000a5180000)
 Metaspace       used 57075K, capacity 59064K, committed 59160K, reserved 1099776K
  class space    used 7817K, capacity 8281K, committed 8368K, reserved 1048576K
}
Event: 21.012 GC heap before
{Heap before GC invocations=15 (full 3):
 PSYoungGen      total 200704K, used 1613K [0x00000000e0000000, 0x00000000ef400000, 0x0000000100000000)
  eden space 182272K, 0% used [0x00000000e0000000,0x00000000e0000000,0x00000000eb200000)
  from space 18432K, 8% used [0x00000000ec480000,0x00000000ec613608,0x00000000ed680000)
  to   space 18944K, 0% used [0x00000000eb200000,0x00000000eb200000,0x00000000ec480000)
 ParOldGen       total 83456K, used 34938K [0x00000000a0000000, 0x00000000a5180000, 0x00000000e0000000)
  object space 83456K, 41% used [0x00000000a0000000,0x00000000a221e928,0x00000000a5180000)
 Metaspace       used 57075K, capacity 59064K, committed 59160K, reserved 1099776K
  class space    used 7817K, capacity 8281K, committed 8368K, reserved 1048576K
Event: 21.403 GC heap after
Heap after GC invocations=15 (full 3):
 PSYoungGen      total 200704K, used 0K [0x00000000e0000000, 0x00000000ef400000, 0x0000000100000000)
  eden space 182272K, 0% used [0x00000000e0000000,0x00000000e0000000,0x00000000eb200000)
  from space 18432K, 0% used [0x00000000ec480000,0x00000000ec480000,0x00000000ed680000)
  to   space 18944K, 0% used [0x00000000eb200000,0x00000000eb200000,0x00000000ec480000)
 ParOldGen       total 83456K, used 28337K [0x00000000a0000000, 0x00000000a5180000, 0x00000000e0000000)
  object space 83456K, 33% used [0x00000000a0000000,0x00000000a1bac410,0x00000000a5180000)
 Metaspace       used 57061K, capacity 59016K, committed 59160K, reserved 1099776K
  class space    used 7813K, capacity 8273K, committed 8368K, reserved 1048576K
}

