# JRE version: OpenJDK Runtime Environment (8.0_212-b04) (build 1.8.0_212-release-1586-b04)
# Java VM: OpenJDK 64-Bit Server VM (25.212-b04 mixed mode windows-amd64 compressed oops)
Heap:
 PSYoungGen      total 400896K, used 223583K [0x00000000e0000000, 0x0000000100000000, 0x0000000100000000)
  eden space 319488K, 44% used [0x00000000e0000000,0x00000000e8ade420,0x00000000f3800000)
  from space 81408K, 99% used [0x00000000f3800000,0x00000000f87799e0,0x00000000f8780000)
  to   space 98816K, 0% used [0x00000000f9f80000,0x00000000f9f80000,0x0000000100000000)
 ParOldGen       total 241152K, used 205016K [0x00000000a0000000, 0x00000000aeb80000, 0x00000000e0000000)
  object space 241152K, 85% used [0x00000000a0000000,0x00000000ac836170,0x00000000aeb80000)
 Metaspace       used 95135K, capacity 100138K, committed 100440K, reserved 1136640K
  class space    used 12165K, capacity 13062K, committed 13144K, reserved 1048576K
GC Heap History (10 events):
Event: 23546.886 GC heap before
{Heap before GC invocations=27 (full 4):
 PSYoungGen      total 278528K, used 278052K [0x00000000e0000000, 0x00000000f9080000, 0x0000000100000000)
  eden space 248320K, 100% used [0x00000000e0000000,0x00000000ef280000,0x00000000ef280000)
  from space 30208K, 98% used [0x00000000f7300000,0x00000000f9009190,0x00000000f9080000)
  to   space 80384K, 0% used [0x00000000ef380000,0x00000000ef380000,0x00000000f4200000)
 ParOldGen       total 241152K, used 188805K [0x00000000a0000000, 0x00000000aeb80000, 0x00000000e0000000)
  object space 241152K, 78% used [0x00000000a0000000,0x00000000ab861728,0x00000000aeb80000)
 Metaspace       used 90974K, capacity 94994K, committed 95064K, reserved 1132544K
  class space    used 11773K, capacity 12592K, committed 12632K, reserved 1048576K
Event: 23547.360 GC heap after
Heap after GC invocations=27 (full 4):
 PSYoungGen      total 329728K, used 60798K [0x00000000e0000000, 0x00000000fc480000, 0x0000000100000000)
  eden space 249344K, 0% used [0x00000000e0000000,0x00000000e0000000,0x00000000ef380000)
  from space 80384K, 75% used [0x00000000ef380000,0x00000000f2edf808,0x00000000f4200000)
  to   space 86016K, 0% used [0x00000000f7080000,0x00000000f7080000,0x00000000fc480000)
 ParOldGen       total 241152K, used 188805K [0x00000000a0000000, 0x00000000aeb80000, 0x00000000e0000000)
  object space 241152K, 78% used [0x00000000a0000000,0x00000000ab861728,0x00000000aeb80000)
 Metaspace       used 90974K, capacity 94994K, committed 95064K, reserved 1132544K
  class space    used 11773K, capacity 12592K, committed 12632K, reserved 1048576K
}
Event: 25216.566 GC heap before
{Heap before GC invocations=28 (full 4):
 PSYoungGen      total 329728K, used 310142K [0x00000000e0000000, 0x00000000fc480000, 0x0000000100000000)
  eden space 249344K, 100% used [0x00000000e0000000,0x00000000ef380000,0x00000000ef380000)
  from space 80384K, 75% used [0x00000000ef380000,0x00000000f2edf808,0x00000000f4200000)
  to   space 86016K, 0% used [0x00000000f7080000,0x00000000f7080000,0x00000000fc480000)
 ParOldGen       total 241152K, used 188805K [0x00000000a0000000, 0x00000000aeb80000, 0x00000000e0000000)
  object space 241152K, 78% used [0x00000000a0000000,0x00000000ab861728,0x00000000aeb80000)
 Metaspace       used 91266K, capacity 95570K, committed 95704K, reserved 1132544K
  class space    used 11813K, capacity 12666K, committed 12760K, reserved 1048576K
Event: 25216.636 GC heap after
Heap after GC invocations=28 (full 4):
 PSYoungGen      total 356864K, used 32849K [0x00000000e0000000, 0x00000000fb600000, 0x0000000100000000)
  eden space 285696K, 0% used [0x00000000e0000000,0x00000000e0000000,0x00000000f1700000)
  from space 71168K, 46% used [0x00000000f7080000,0x00000000f9094738,0x00000000fb600000)
  to   space 81408K, 0% used [0x00000000f1700000,0x00000000f1700000,0x00000000f6680000)
 ParOldGen       total 241152K, used 188813K [0x00000000a0000000, 0x00000000aeb80000, 0x00000000e0000000)
  object space 241152K, 78% used [0x00000000a0000000,0x00000000ab863728,0x00000000aeb80000)
 Metaspace       used 91266K, capacity 95570K, committed 95704K, reserved 1132544K
  class space    used 11813K, capacity 12666K, committed 12760K, reserved 1048576K
}
Event: 25243.217 GC heap before
{Heap before GC invocations=29 (full 4):
 PSYoungGen      total 356864K, used 318545K [0x00000000e0000000, 0x00000000fb600000, 0x0000000100000000)
  eden space 285696K, 100% used [0x00000000e0000000,0x00000000f1700000,0x00000000f1700000)
  from space 71168K, 46% used [0x00000000f7080000,0x00000000f9094738,0x00000000fb600000)
  to   space 81408K, 0% used [0x00000000f1700000,0x00000000f1700000,0x00000000f6680000)
 ParOldGen       total 241152K, used 188813K [0x00000000a0000000, 0x00000000aeb80000, 0x00000000e0000000)
  object space 241152K, 78% used [0x00000000a0000000,0x00000000ab863728,0x00000000aeb80000)
 Metaspace       used 93911K, capacity 98474K, committed 98776K, reserved 1134592K
  class space    used 12087K, capacity 12938K, committed 13016K, reserved 1048576K
Event: 25243.539 GC heap after
Heap after GC invocations=29 (full 4):
 PSYoungGen      total 367104K, used 56282K [0x00000000e0000000, 0x00000000fda00000, 0x0000000100000000)
  eden space 285696K, 0% used [0x00000000e0000000,0x00000000e0000000,0x00000000f1700000)
  from space 81408K, 69% used [0x00000000f1700000,0x00000000f4df6a88,0x00000000f6680000)
  to   space 84480K, 0% used [0x00000000f8780000,0x00000000f8780000,0x00000000fda00000)
 ParOldGen       total 241152K, used 188821K [0x00000000a0000000, 0x00000000aeb80000, 0x00000000e0000000)
  object space 241152K, 78% used [0x00000000a0000000,0x00000000ab865728,0x00000000aeb80000)
 Metaspace       used 93911K, capacity 98474K, committed 98776K, reserved 1134592K
  class space    used 12087K, capacity 12938K, committed 13016K, reserved 1048576K
}
Event: 25249.575 GC heap before
{Heap before GC invocations=30 (full 4):
 PSYoungGen      total 367104K, used 341978K [0x00000000e0000000, 0x00000000fda00000, 0x0000000100000000)
  eden space 285696K, 100% used [0x00000000e0000000,0x00000000f1700000,0x00000000f1700000)
  from space 81408K, 69% used [0x00000000f1700000,0x00000000f4df6a88,0x00000000f6680000)
  to   space 84480K, 0% used [0x00000000f8780000,0x00000000f8780000,0x00000000fda00000)
 ParOldGen       total 241152K, used 188821K [0x00000000a0000000, 0x00000000aeb80000, 0x00000000e0000000)
  object space 241152K, 78% used [0x00000000a0000000,0x00000000ab865728,0x00000000aeb80000)
 Metaspace       used 94722K, capacity 99482K, committed 99544K, reserved 1136640K
  class space    used 12117K, capacity 12996K, committed 13016K, reserved 1048576K
Event: 25249.772 GC heap after
Heap after GC invocations=30 (full 4):
 PSYoungGen      total 403968K, used 42177K [0x00000000e0000000, 0x00000000fda80000, 0x0000000100000000)
  eden space 319488K, 0% used [0x00000000e0000000,0x00000000e0000000,0x00000000f3800000)
  from space 84480K, 49% used [0x00000000f8780000,0x00000000fb0b0700,0x00000000fda00000)
  to   space 81408K, 0% used [0x00000000f3800000,0x00000000f3800000,0x00000000f8780000)
 ParOldGen       total 241152K, used 188829K [0x00000000a0000000, 0x00000000aeb80000, 0x00000000e0000000)
  object space 241152K, 78% used [0x00000000a0000000,0x00000000ab867728,0x00000000aeb80000)
 Metaspace       used 94722K, capacity 99482K, committed 99544K, reserved 1136640K
  class space    used 12117K, capacity 12996K, committed 13016K, reserved 1048576K
}
Event: 25254.576 GC heap before
{Heap before GC invocations=31 (full 4):
 PSYoungGen      total 403968K, used 361665K [0x00000000e0000000, 0x00000000fda80000, 0x0000000100000000)
  eden space 319488K, 100% used [0x00000000e0000000,0x00000000f3800000,0x00000000f3800000)
  from space 84480K, 49% used [0x00000000f8780000,0x00000000fb0b0700,0x00000000fda00000)
  to   space 81408K, 0% used [0x00000000f3800000,0x00000000f3800000,0x00000000f8780000)
 ParOldGen       total 241152K, used 188829K [0x00000000a0000000, 0x00000000aeb80000, 0x00000000e0000000)
  object space 241152K, 78% used [0x00000000a0000000,0x00000000ab867728,0x00000000aeb80000)
 Metaspace       used 94782K, capacity 99576K, committed 99800K, reserved 1136640K
  class space    used 12120K, capacity 13001K, committed 13016K, reserved 1048576K
Event: 25255.195 GC heap after
Heap after GC invocations=31 (full 4):
 PSYoungGen      total 400896K, used 81382K [0x00000000e0000000, 0x0000000100000000, 0x0000000100000000)
  eden space 319488K, 0% used [0x00000000e0000000,0x00000000e0000000,0x00000000f3800000)
  from space 81408K, 99% used [0x00000000f3800000,0x00000000f87799e0,0x00000000f8780000)
  to   space 98816K, 0% used [0x00000000f9f80000,0x00000000f9f80000,0x0000000100000000)
 ParOldGen       total 241152K, used 205016K [0x00000000a0000000, 0x00000000aeb80000, 0x00000000e0000000)
  object space 241152K, 85% used [0x00000000a0000000,0x00000000ac836170,0x00000000aeb80000)
 Metaspace       used 94782K, capacity 99576K, committed 99800K, reserved 1136640K
  class space    used 12120K, capacity 13001K, committed 13016K, reserved 1048576K
}

