# JRE version: OpenJDK Runtime Environment (8.0_242-b01) (build 1.8.0_242-release-1644-b01)
# Java VM: OpenJDK 64-Bit Server VM (25.242-b01 mixed mode windows-amd64 compressed oops)
Heap:
 PSYoungGen      total 165376K, used 14018K [0x00000000e0000000, 0x00000000ed200000, 0x0000000100000000)
  eden space 146944K, 9% used [0x00000000e0000000,0x00000000e0db0bb8,0x00000000e8f80000)
  from space 18432K, 0% used [0x00000000ec000000,0x00000000ec000000,0x00000000ed200000)
  to   space 13312K, 0% used [0x00000000e8f80000,0x00000000e8f80000,0x00000000e9c80000)
 ParOldGen       total 85504K, used 27818K [0x00000000a0000000, 0x00000000a5380000, 0x00000000e0000000)
  object space 85504K, 32% used [0x00000000a0000000,0x00000000a1b2a908,0x00000000a5380000)
 Metaspace       used 57150K, capacity 59153K, committed 59312K, reserved 1101824K
  class space    used 7866K, capacity 8326K, committed 8368K, reserved 1048576K
GC Heap History (10 events):
Event: 12.098 GC heap before
{Heap before GC invocations=11 (full 2):
 PSYoungGen      total 117248K, used 8730K [0x00000000e0000000, 0x00000000ea980000, 0x0000000100000000)
  eden space 105472K, 0% used [0x00000000e0000000,0x00000000e0000000,0x00000000e6700000)
  from space 11776K, 74% used [0x00000000e6700000,0x00000000e6f86aa0,0x00000000e7280000)
  to   space 11776K, 0% used [0x00000000e9e00000,0x00000000e9e00000,0x00000000ea980000)
 ParOldGen       total 58880K, used 9022K [0x00000000a0000000, 0x00000000a3980000, 0x00000000e0000000)
  object space 58880K, 15% used [0x00000000a0000000,0x00000000a08cf8d0,0x00000000a3980000)
 Metaspace       used 34609K, capacity 35426K, committed 35496K, reserved 1079296K
  class space    used 4750K, capacity 4976K, committed 5040K, reserved 1048576K
Event: 12.192 GC heap after
Heap after GC invocations=11 (full 2):
 PSYoungGen      total 117248K, used 0K [0x00000000e0000000, 0x00000000ea980000, 0x0000000100000000)
  eden space 105472K, 0% used [0x00000000e0000000,0x00000000e0000000,0x00000000e6700000)
  from space 11776K, 0% used [0x00000000e6700000,0x00000000e6700000,0x00000000e7280000)
  to   space 11776K, 0% used [0x00000000e9e00000,0x00000000e9e00000,0x00000000ea980000)
 ParOldGen       total 85504K, used 15402K [0x00000000a0000000, 0x00000000a5380000, 0x00000000e0000000)
  object space 85504K, 18% used [0x00000000a0000000,0x00000000a0f0a928,0x00000000a5380000)
 Metaspace       used 34609K, capacity 35426K, committed 35496K, reserved 1079296K
  class space    used 4750K, capacity 4976K, committed 5040K, reserved 1048576K
}
Event: 15.265 GC heap before
{Heap before GC invocations=12 (full 2):
 PSYoungGen      total 117248K, used 105472K [0x00000000e0000000, 0x00000000ea980000, 0x0000000100000000)
  eden space 105472K, 100% used [0x00000000e0000000,0x00000000e6700000,0x00000000e6700000)
  from space 11776K, 0% used [0x00000000e6700000,0x00000000e6700000,0x00000000e7280000)
  to   space 11776K, 0% used [0x00000000e9e00000,0x00000000e9e00000,0x00000000ea980000)
 ParOldGen       total 85504K, used 15402K [0x00000000a0000000, 0x00000000a5380000, 0x00000000e0000000)
  object space 85504K, 18% used [0x00000000a0000000,0x00000000a0f0a928,0x00000000a5380000)
 Metaspace       used 44300K, capacity 45764K, committed 45872K, reserved 1089536K
  class space    used 6003K, capacity 6402K, committed 6448K, reserved 1048576K
Event: 15.280 GC heap after
Heap after GC invocations=12 (full 2):
 PSYoungGen      total 149504K, used 11774K [0x00000000e0000000, 0x00000000ea980000, 0x0000000100000000)
  eden space 137728K, 0% used [0x00000000e0000000,0x00000000e0000000,0x00000000e8680000)
  from space 11776K, 99% used [0x00000000e9e00000,0x00000000ea97fac8,0x00000000ea980000)
  to   space 13312K, 0% used [0x00000000e8f80000,0x00000000e8f80000,0x00000000e9c80000)
 ParOldGen       total 85504K, used 16453K [0x00000000a0000000, 0x00000000a5380000, 0x00000000e0000000)
  object space 85504K, 19% used [0x00000000a0000000,0x00000000a1011478,0x00000000a5380000)
 Metaspace       used 44300K, capacity 45764K, committed 45872K, reserved 1089536K
  class space    used 6003K, capacity 6402K, committed 6448K, reserved 1048576K
}
Event: 18.523 GC heap before
{Heap before GC invocations=13 (full 2):
 PSYoungGen      total 149504K, used 149502K [0x00000000e0000000, 0x00000000ea980000, 0x0000000100000000)
  eden space 137728K, 100% used [0x00000000e0000000,0x00000000e8680000,0x00000000e8680000)
  from space 11776K, 99% used [0x00000000e9e00000,0x00000000ea97fac8,0x00000000ea980000)
  to   space 13312K, 0% used [0x00000000e8f80000,0x00000000e8f80000,0x00000000e9c80000)
 ParOldGen       total 85504K, used 16453K [0x00000000a0000000, 0x00000000a5380000, 0x00000000e0000000)
  object space 85504K, 19% used [0x00000000a0000000,0x00000000a1011478,0x00000000a5380000)
 Metaspace       used 55426K, capacity 57442K, committed 57776K, reserved 1099776K
  class space    used 7557K, capacity 8016K, committed 8112K, reserved 1048576K
Event: 18.556 GC heap after
Heap after GC invocations=13 (full 2):
 PSYoungGen      total 160256K, used 13281K [0x00000000e0000000, 0x00000000ed200000, 0x0000000100000000)
  eden space 146944K, 0% used [0x00000000e0000000,0x00000000e0000000,0x00000000e8f80000)
  from space 13312K, 99% used [0x00000000e8f80000,0x00000000e9c78668,0x00000000e9c80000)
  to   space 18432K, 0% used [0x00000000ec000000,0x00000000ec000000,0x00000000ed200000)
 ParOldGen       total 85504K, used 25541K [0x00000000a0000000, 0x00000000a5380000, 0x00000000e0000000)
  object space 85504K, 29% used [0x00000000a0000000,0x00000000a18f1488,0x00000000a5380000)
 Metaspace       used 55426K, capacity 57442K, committed 57776K, reserved 1099776K
  class space    used 7557K, capacity 8016K, committed 8112K, reserved 1048576K
}
Event: 18.836 GC heap before
{Heap before GC invocations=14 (full 2):
 PSYoungGen      total 160256K, used 24486K [0x00000000e0000000, 0x00000000ed200000, 0x0000000100000000)
  eden space 146944K, 7% used [0x00000000e0000000,0x00000000e0af14f0,0x00000000e8f80000)
  from space 13312K, 99% used [0x00000000e8f80000,0x00000000e9c78668,0x00000000e9c80000)
  to   space 18432K, 0% used [0x00000000ec000000,0x00000000ec000000,0x00000000ed200000)
 ParOldGen       total 85504K, used 25541K [0x00000000a0000000, 0x00000000a5380000, 0x00000000e0000000)
  object space 85504K, 29% used [0x00000000a0000000,0x00000000a18f1488,0x00000000a5380000)
 Metaspace       used 56356K, capacity 58323K, committed 58416K, reserved 1105920K
  class space    used 7732K, capacity 8179K, committed 8240K, reserved 1048576K
Event: 18.852 GC heap after
Heap after GC invocations=14 (full 2):
 PSYoungGen      total 165376K, used 1059K [0x00000000e0000000, 0x00000000ed200000, 0x0000000100000000)
  eden space 146944K, 0% used [0x00000000e0000000,0x00000000e0000000,0x00000000e8f80000)
  from space 18432K, 5% used [0x00000000ec000000,0x00000000ec108e40,0x00000000ed200000)
  to   space 13312K, 0% used [0x00000000e8f80000,0x00000000e8f80000,0x00000000e9c80000)
 ParOldGen       total 85504K, used 34531K [0x00000000a0000000, 0x00000000a5380000, 0x00000000e0000000)
  object space 85504K, 40% used [0x00000000a0000000,0x00000000a21b8c10,0x00000000a5380000)
 Metaspace       used 56356K, capacity 58323K, committed 58416K, reserved 1105920K
  class space    used 7732K, capacity 8179K, committed 8240K, reserved 1048576K
}
Event: 18.852 GC heap before
{Heap before GC invocations=15 (full 3):
 PSYoungGen      total 165376K, used 1059K [0x00000000e0000000, 0x00000000ed200000, 0x0000000100000000)
  eden space 146944K, 0% used [0x00000000e0000000,0x00000000e0000000,0x00000000e8f80000)
  from space 18432K, 5% used [0x00000000ec000000,0x00000000ec108e40,0x00000000ed200000)
  to   space 13312K, 0% used [0x00000000e8f80000,0x00000000e8f80000,0x00000000e9c80000)
 ParOldGen       total 85504K, used 34531K [0x00000000a0000000, 0x00000000a5380000, 0x00000000e0000000)
  object space 85504K, 40% used [0x00000000a0000000,0x00000000a21b8c10,0x00000000a5380000)
 Metaspace       used 56356K, capacity 58323K, committed 58416K, reserved 1105920K
  class space    used 7732K, capacity 8179K, committed 8240K, reserved 1048576K
Event: 19.151 GC heap after
Heap after GC invocations=15 (full 3):
 PSYoungGen      total 165376K, used 0K [0x00000000e0000000, 0x00000000ed200000, 0x0000000100000000)
  eden space 146944K, 0% used [0x00000000e0000000,0x00000000e0000000,0x00000000e8f80000)
  from space 18432K, 0% used [0x00000000ec000000,0x00000000ec000000,0x00000000ed200000)
  to   space 13312K, 0% used [0x00000000e8f80000,0x00000000e8f80000,0x00000000e9c80000)
 ParOldGen       total 85504K, used 27818K [0x00000000a0000000, 0x00000000a5380000, 0x00000000e0000000)
  object space 85504K, 32% used [0x00000000a0000000,0x00000000a1b2a908,0x00000000a5380000)
 Metaspace       used 56343K, capacity 58281K, committed 58416K, reserved 1101824K
  class space    used 7728K, capacity 8172K, committed 8240K, reserved 1048576K
}

