# JRE version: OpenJDK Runtime Environment (8.0_242-b01) (build 1.8.0_242-release-1644-b01)
# Java VM: OpenJDK 64-Bit Server VM (25.242-b01 mixed mode windows-amd64 compressed oops)
Heap:
 PSYoungGen      total 154624K, used 23722K [0x00000000e0000000, 0x00000000eb400000, 0x0000000100000000)
  eden space 142848K, 16% used [0x00000000e0000000,0x00000000e172a928,0x00000000e8b80000)
  from space 11776K, 0% used [0x00000000ea880000,0x00000000ea880000,0x00000000eb400000)
  to   space 13824K, 0% used [0x00000000e9900000,0x00000000e9900000,0x00000000ea680000)
 ParOldGen       total 83968K, used 22131K [0x00000000a0000000, 0x00000000a5200000, 0x00000000e0000000)
  object space 83968K, 26% used [0x00000000a0000000,0x00000000a159cff8,0x00000000a5200000)
 Metaspace       used 49528K, capacity 51148K, committed 51376K, reserved 1099776K
  class space    used 6629K, capacity 7035K, committed 7088K, reserved 1048576K
GC Heap History (10 events):
Event: 17.796 GC heap before
{Heap before GC invocations=12 (full 2):
 PSYoungGen      total 122368K, used 110592K [0x00000000e0000000, 0x00000000eb400000, 0x0000000100000000)
  eden space 110592K, 100% used [0x00000000e0000000,0x00000000e6c00000,0x00000000e6c00000)
  from space 11776K, 0% used [0x00000000e6c00000,0x00000000e6c00000,0x00000000e7780000)
  to   space 11776K, 0% used [0x00000000ea880000,0x00000000ea880000,0x00000000eb400000)
 ParOldGen       total 83968K, used 15403K [0x00000000a0000000, 0x00000000a5200000, 0x00000000e0000000)
  object space 83968K, 18% used [0x00000000a0000000,0x00000000a0f0aec8,0x00000000a5200000)
 Metaspace       used 44396K, capacity 45864K, committed 46128K, reserved 1089536K
  class space    used 6011K, capacity 6390K, committed 6448K, reserved 1048576K
Event: 17.817 GC heap after
Heap after GC invocations=12 (full 2):
 PSYoungGen      total 154624K, used 11761K [0x00000000e0000000, 0x00000000eb400000, 0x0000000100000000)
  eden space 142848K, 0% used [0x00000000e0000000,0x00000000e0000000,0x00000000e8b80000)
  from space 11776K, 99% used [0x00000000ea880000,0x00000000eb3fc448,0x00000000eb400000)
  to   space 13824K, 0% used [0x00000000e9900000,0x00000000e9900000,0x00000000ea680000)
 ParOldGen       total 83968K, used 17520K [0x00000000a0000000, 0x00000000a5200000, 0x00000000e0000000)
  object space 83968K, 20% used [0x00000000a0000000,0x00000000a111c160,0x00000000a5200000)
 Metaspace       used 44396K, capacity 45864K, committed 46128K, reserved 1089536K
  class space    used 6011K, capacity 6390K, committed 6448K, reserved 1048576K
}
Event: 18.712 GC heap before
{Heap before GC invocations=13 (full 2):
 PSYoungGen      total 154624K, used 57490K [0x00000000e0000000, 0x00000000eb400000, 0x0000000100000000)
  eden space 142848K, 32% used [0x00000000e0000000,0x00000000e2ca8510,0x00000000e8b80000)
  from space 11776K, 99% used [0x00000000ea880000,0x00000000eb3fc448,0x00000000eb400000)
  to   space 13824K, 0% used [0x00000000e9900000,0x00000000e9900000,0x00000000ea680000)
 ParOldGen       total 83968K, used 17520K [0x00000000a0000000, 0x00000000a5200000, 0x00000000e0000000)
  object space 83968K, 20% used [0x00000000a0000000,0x00000000a111c160,0x00000000a5200000)
 Metaspace       used 48568K, capacity 50080K, committed 50224K, reserved 1097728K
  class space    used 6494K, capacity 6866K, committed 6960K, reserved 1048576K
Event: 18.729 GC heap after
Heap after GC invocations=13 (full 2):
 PSYoungGen      total 156672K, used 5544K [0x00000000e0000000, 0x00000000eb400000, 0x0000000100000000)
  eden space 142848K, 0% used [0x00000000e0000000,0x00000000e0000000,0x00000000e8b80000)
  from space 13824K, 40% used [0x00000000e9900000,0x00000000e9e6a398,0x00000000ea680000)
  to   space 11776K, 0% used [0x00000000ea880000,0x00000000ea880000,0x00000000eb400000)
 ParOldGen       total 83968K, used 24444K [0x00000000a0000000, 0x00000000a5200000, 0x00000000e0000000)
  object space 83968K, 29% used [0x00000000a0000000,0x00000000a17df068,0x00000000a5200000)
 Metaspace       used 48568K, capacity 50080K, committed 50224K, reserved 1097728K
  class space    used 6494K, capacity 6866K, committed 6960K, reserved 1048576K
}
Event: 18.729 GC heap before
{Heap before GC invocations=14 (full 3):
 PSYoungGen      total 156672K, used 5544K [0x00000000e0000000, 0x00000000eb400000, 0x0000000100000000)
  eden space 142848K, 0% used [0x00000000e0000000,0x00000000e0000000,0x00000000e8b80000)
  from space 13824K, 40% used [0x00000000e9900000,0x00000000e9e6a398,0x00000000ea680000)
  to   space 11776K, 0% used [0x00000000ea880000,0x00000000ea880000,0x00000000eb400000)
 ParOldGen       total 83968K, used 24444K [0x00000000a0000000, 0x00000000a5200000, 0x00000000e0000000)
  object space 83968K, 29% used [0x00000000a0000000,0x00000000a17df068,0x00000000a5200000)
 Metaspace       used 48568K, capacity 50080K, committed 50224K, reserved 1097728K
  class space    used 6494K, capacity 6866K, committed 6960K, reserved 1048576K
Event: 18.979 GC heap after
Heap after GC invocations=14 (full 3):
 PSYoungGen      total 156672K, used 0K [0x00000000e0000000, 0x00000000eb400000, 0x0000000100000000)
  eden space 142848K, 0% used [0x00000000e0000000,0x00000000e0000000,0x00000000e8b80000)
  from space 13824K, 0% used [0x00000000e9900000,0x00000000e9900000,0x00000000ea680000)
  to   space 11776K, 0% used [0x00000000ea880000,0x00000000ea880000,0x00000000eb400000)
 ParOldGen       total 83968K, used 24561K [0x00000000a0000000, 0x00000000a5200000, 0x00000000e0000000)
  object space 83968K, 29% used [0x00000000a0000000,0x00000000a17fc548,0x00000000a5200000)
 Metaspace       used 48554K, capacity 50032K, committed 50224K, reserved 1095680K
  class space    used 6490K, capacity 6858K, committed 6960K, reserved 1048576K
}
Event: 19.077 GC heap before
{Heap before GC invocations=15 (full 3):
 PSYoungGen      total 156672K, used 2841K [0x00000000e0000000, 0x00000000eb400000, 0x0000000100000000)
  eden space 142848K, 1% used [0x00000000e0000000,0x00000000e02c6558,0x00000000e8b80000)
  from space 13824K, 0% used [0x00000000e9900000,0x00000000e9900000,0x00000000ea680000)
  to   space 11776K, 0% used [0x00000000ea880000,0x00000000ea880000,0x00000000eb400000)
 ParOldGen       total 83968K, used 24561K [0x00000000a0000000, 0x00000000a5200000, 0x00000000e0000000)
  object space 83968K, 29% used [0x00000000a0000000,0x00000000a17fc548,0x00000000a5200000)
 Metaspace       used 48845K, capacity 50320K, committed 50480K, reserved 1099776K
  class space    used 6524K, capacity 6890K, committed 6960K, reserved 1048576K
Event: 19.080 GC heap after
Heap after GC invocations=15 (full 3):
 PSYoungGen      total 154624K, used 480K [0x00000000e0000000, 0x00000000eb400000, 0x0000000100000000)
  eden space 142848K, 0% used [0x00000000e0000000,0x00000000e0000000,0x00000000e8b80000)
  from space 11776K, 4% used [0x00000000ea880000,0x00000000ea8f8010,0x00000000eb400000)
  to   space 13824K, 0% used [0x00000000e9900000,0x00000000e9900000,0x00000000ea680000)
 ParOldGen       total 83968K, used 24569K [0x00000000a0000000, 0x00000000a5200000, 0x00000000e0000000)
  object space 83968K, 29% used [0x00000000a0000000,0x00000000a17fe548,0x00000000a5200000)
 Metaspace       used 48845K, capacity 50320K, committed 50480K, reserved 1099776K
  class space    used 6524K, capacity 6890K, committed 6960K, reserved 1048576K
}
Event: 19.080 GC heap before
{Heap before GC invocations=16 (full 4):
 PSYoungGen      total 154624K, used 480K [0x00000000e0000000, 0x00000000eb400000, 0x0000000100000000)
  eden space 142848K, 0% used [0x00000000e0000000,0x00000000e0000000,0x00000000e8b80000)
  from space 11776K, 4% used [0x00000000ea880000,0x00000000ea8f8010,0x00000000eb400000)
  to   space 13824K, 0% used [0x00000000e9900000,0x00000000e9900000,0x00000000ea680000)
 ParOldGen       total 83968K, used 24569K [0x00000000a0000000, 0x00000000a5200000, 0x00000000e0000000)
  object space 83968K, 29% used [0x00000000a0000000,0x00000000a17fe548,0x00000000a5200000)
 Metaspace       used 48845K, capacity 50320K, committed 50480K, reserved 1099776K
  class space    used 6524K, capacity 6890K, committed 6960K, reserved 1048576K
Event: 19.147 GC heap after
Heap after GC invocations=16 (full 4):
 PSYoungGen      total 154624K, used 0K [0x00000000e0000000, 0x00000000eb400000, 0x0000000100000000)
  eden space 142848K, 0% used [0x00000000e0000000,0x00000000e0000000,0x00000000e8b80000)
  from space 11776K, 0% used [0x00000000ea880000,0x00000000ea880000,0x00000000eb400000)
  to   space 13824K, 0% used [0x00000000e9900000,0x00000000e9900000,0x00000000ea680000)
 ParOldGen       total 83968K, used 22131K [0x00000000a0000000, 0x00000000a5200000, 0x00000000e0000000)
  object space 83968K, 26% used [0x00000000a0000000,0x00000000a159cff8,0x00000000a5200000)
 Metaspace       used 48845K, capacity 50320K, committed 50480K, reserved 1097728K
  class space    used 6524K, capacity 6890K, committed 6960K, reserved 1048576K
}

